{"uid":"d751f2e6b89a3952","name":"counterTest()","fullName":"ui.CartTest.counterTest","historyId":"3d29a61d23f6d78c1ba8dc6461901b31","time":{"start":1753500745741,"stop":1753500830034,"duration":84293},"description":"","status":"broken","statusMessage":"element click intercepted: Element <a data-testid=\"xm-link\" href=\"/us/en/p/women/baggy-wide-leg-jeans/baggy-wide-leg-jeans/ae-dreamy-drapey-stretch-super-high-waisted-baggy-wide-leg-jean/0437_5819_437?nvid=shp%3Awomen-bottoms-under-39&amp;menu=cat4840004\" class=\"xm-link-to qa-xm-link-to _tile-link_1d4brf\">...</a> is not clickable at point (1120, 710). Other element would receive the click: <div data-test-megamenu-backdrop=\"\" class=\"backdrop_lGtV4 backdrop_8QKr1\"></div>\n  (Session info: chrome=138.0.7204.157)\nBuild info: version: '4.28.1', revision: '73f5ad48a2'\nSystem info: os.name: 'Linux', os.arch: 'amd64', os.version: '6.11.0-1018-azure', java.version: '17.0.16'\nDriver info: org.openqa.selenium.remote.RemoteWebDriver\nCommand: [d6d4543634eabea3591fc519e83a54ae, clickElement {id=f.160D041E2A7FA2BE3C00801F3EE7BA43.d.240CBFFFD6B522E6248282A0E59EA6C8.e.112}]\nCapabilities {acceptInsecureCerts: false, browserName: chrome, browserVersion: 138.0.7204.157, chrome: {chromedriverVersion: 138.0.7204.157 (e533e98b126..., userDataDir: /tmp/.org.chromium.Chromium...}, fedcm:accounts: true, goog:chromeOptions: {debuggerAddress: localhost:41869}, goog:loggingPrefs: {browser: ALL}, networkConnectionEnabled: false, pageLoadStrategy: normal, platformName: linux, proxy: Proxy(), se:bidiEnabled: false, se:cdp: ws://172.18.0.2:4444/sessio..., se:cdpVersion: 138.0.7204.157, se:containerName: 03122d7b137b, se:deleteSessionOnUi: true, se:downloadsEnabled: true, se:noVncPort: 7900, se:vnc: ws://172.18.0.2:4444/sessio..., se:vncEnabled: true, se:vncLocalAddress: ws://172.18.0.2:7900, setWindowRect: true, strictFileInteractability: false, timeouts: {implicit: 0, pageLoad: 300000, script: 30000}, unhandledPromptBehavior: dismiss and notify, webauthn:extension:credBlob: true, webauthn:extension:largeBlob: true, webauthn:extension:minPinLength: true, webauthn:extension:prf: true, webauthn:virtualAuthenticators: true}\nElement: [[RemoteWebDriver: chrome on linux (d6d4543634eabea3591fc519e83a54ae)] -> xpath: //img[@data-test='product-image']/ancestor::a]\nSession ID: d6d4543634eabea3591fc519e83a54ae","statusTrace":"org.openqa.selenium.ElementClickInterceptedException: element click intercepted: Element <a data-testid=\"xm-link\" href=\"/us/en/p/women/baggy-wide-leg-jeans/baggy-wide-leg-jeans/ae-dreamy-drapey-stretch-super-high-waisted-baggy-wide-leg-jean/0437_5819_437?nvid=shp%3Awomen-bottoms-under-39&amp;menu=cat4840004\" class=\"xm-link-to qa-xm-link-to _tile-link_1d4brf\">...</a> is not clickable at point (1120, 710). Other element would receive the click: <div data-test-megamenu-backdrop=\"\" class=\"backdrop_lGtV4 backdrop_8QKr1\"></div>\n  (Session info: chrome=138.0.7204.157)\nBuild info: version: '4.28.1', revision: '73f5ad48a2'\nSystem info: os.name: 'Linux', os.arch: 'amd64', os.version: '6.11.0-1018-azure', java.version: '17.0.16'\nDriver info: org.openqa.selenium.remote.RemoteWebDriver\nCommand: [d6d4543634eabea3591fc519e83a54ae, clickElement {id=f.160D041E2A7FA2BE3C00801F3EE7BA43.d.240CBFFFD6B522E6248282A0E59EA6C8.e.112}]\nCapabilities {acceptInsecureCerts: false, browserName: chrome, browserVersion: 138.0.7204.157, chrome: {chromedriverVersion: 138.0.7204.157 (e533e98b126..., userDataDir: /tmp/.org.chromium.Chromium...}, fedcm:accounts: true, goog:chromeOptions: {debuggerAddress: localhost:41869}, goog:loggingPrefs: {browser: ALL}, networkConnectionEnabled: false, pageLoadStrategy: normal, platformName: linux, proxy: Proxy(), se:bidiEnabled: false, se:cdp: ws://172.18.0.2:4444/sessio..., se:cdpVersion: 138.0.7204.157, se:containerName: 03122d7b137b, se:deleteSessionOnUi: true, se:downloadsEnabled: true, se:noVncPort: 7900, se:vnc: ws://172.18.0.2:4444/sessio..., se:vncEnabled: true, se:vncLocalAddress: ws://172.18.0.2:7900, setWindowRect: true, strictFileInteractability: false, timeouts: {implicit: 0, pageLoad: 300000, script: 30000}, unhandledPromptBehavior: dismiss and notify, webauthn:extension:credBlob: true, webauthn:extension:largeBlob: true, webauthn:extension:minPinLength: true, webauthn:extension:prf: true, webauthn:virtualAuthenticators: true}\nElement: [[RemoteWebDriver: chrome on linux (d6d4543634eabea3591fc519e83a54ae)] -> xpath: //img[@data-test='product-image']/ancestor::a]\nSession ID: d6d4543634eabea3591fc519e83a54ae\n\tat java.base/jdk.internal.reflect.NativeConstructorAccessorImpl.newInstance0(Native Method)\n\tat java.base/jdk.internal.reflect.NativeConstructorAccessorImpl.newInstance(NativeConstructorAccessorImpl.java:77)\n\tat java.base/jdk.internal.reflect.DelegatingConstructorAccessorImpl.newInstance(DelegatingConstructorAccessorImpl.java:45)\n\tat java.base/java.lang.reflect.Constructor.newInstanceWithCaller(Constructor.java:500)\n\tat java.base/java.lang.reflect.Constructor.newInstance(Constructor.java:481)\n\tat org.openqa.selenium.remote.ErrorCodec.decode(ErrorCodec.java:167)\n\tat org.openqa.selenium.remote.codec.w3c.W3CHttpResponseCodec.decode(W3CHttpResponseCodec.java:138)\n\tat org.openqa.selenium.remote.codec.w3c.W3CHttpResponseCodec.decode(W3CHttpResponseCodec.java:50)\n\tat org.openqa.selenium.remote.HttpCommandExecutor.execute(HttpCommandExecutor.java:215)\n\tat org.openqa.selenium.remote.TracedCommandExecutor.execute(TracedCommandExecutor.java:53)\n\tat org.openqa.selenium.remote.RemoteWebDriver.execute(RemoteWebDriver.java:545)\n\tat org.openqa.selenium.remote.RemoteWebElement.execute(RemoteWebElement.java:223)\n\tat org.openqa.selenium.remote.RemoteWebElement.click(RemoteWebElement.java:76)\n\tat utils.TestUtils.clickOnRandomLink(TestUtils.java:72)\n\tat utils.TestUtils.clickOnRandomItemLink(TestUtils.java:103)\n\tat ui.CartTest.counterTest(CartTest.java:105)\n\tat java.base/java.lang.reflect.Method.invoke(Method.java:569)\n\tat java.base/java.util.ArrayList.forEach(ArrayList.java:1511)\n\tat java.base/java.util.ArrayList.forEach(ArrayList.java:1511)\n","flaky":false,"newFailed":false,"newBroken":false,"newPassed":false,"retriesCount":0,"retriesStatusChange":false,"beforeStages":[{"name":"setUp","time":{"start":1753500745742,"stop":1753500807651,"duration":61909},"status":"passed","steps":[{"name":"Click on a random women category item","time":{"start":1753500794021,"stop":1753500799443,"duration":5422},"status":"passed","steps":[{"name":"Close the popup if it appears","time":{"start":1753500797913,"stop":1753500797985,"duration":72},"status":"passed","steps":[],"attachments":[],"parameters":[{"name":"baseTest","value":"ui.CartTest@40ee664c"}],"shouldDisplayMessage":false,"stepsCount":0,"attachmentsCount":0,"hasContent":true,"attachmentStep":false}],"attachments":[],"parameters":[{"name":"driver","value":"RemoteWebDriver: chrome on linux (d6d4543634eabea3591fc519e83a54ae)"},{"name":"baseTest","value":"ui.CartTest@40ee664c"}],"shouldDisplayMessage":false,"stepsCount":1,"attachmentsCount":0,"hasContent":true,"attachmentStep":false},{"name":"Close the popup if it appears","time":{"start":1753500799444,"stop":1753500807651,"duration":8207},"status":"passed","steps":[],"attachments":[],"parameters":[{"name":"baseTest","value":"ui.CartTest@40ee664c"}],"shouldDisplayMessage":false,"stepsCount":0,"attachmentsCount":0,"hasContent":true,"attachmentStep":false}],"attachments":[],"parameters":[],"shouldDisplayMessage":false,"stepsCount":3,"attachmentsCount":0,"hasContent":true,"attachmentStep":false}],"testStage":{"description":"","status":"broken","statusMessage":"element click intercepted: Element <a data-testid=\"xm-link\" href=\"/us/en/p/women/baggy-wide-leg-jeans/baggy-wide-leg-jeans/ae-dreamy-drapey-stretch-super-high-waisted-baggy-wide-leg-jean/0437_5819_437?nvid=shp%3Awomen-bottoms-under-39&amp;menu=cat4840004\" class=\"xm-link-to qa-xm-link-to _tile-link_1d4brf\">...</a> is not clickable at point (1120, 710). Other element would receive the click: <div data-test-megamenu-backdrop=\"\" class=\"backdrop_lGtV4 backdrop_8QKr1\"></div>\n  (Session info: chrome=138.0.7204.157)\nBuild info: version: '4.28.1', revision: '73f5ad48a2'\nSystem info: os.name: 'Linux', os.arch: 'amd64', os.version: '6.11.0-1018-azure', java.version: '17.0.16'\nDriver info: org.openqa.selenium.remote.RemoteWebDriver\nCommand: [d6d4543634eabea3591fc519e83a54ae, clickElement {id=f.160D041E2A7FA2BE3C00801F3EE7BA43.d.240CBFFFD6B522E6248282A0E59EA6C8.e.112}]\nCapabilities {acceptInsecureCerts: false, browserName: chrome, browserVersion: 138.0.7204.157, chrome: {chromedriverVersion: 138.0.7204.157 (e533e98b126..., userDataDir: /tmp/.org.chromium.Chromium...}, fedcm:accounts: true, goog:chromeOptions: {debuggerAddress: localhost:41869}, goog:loggingPrefs: {browser: ALL}, networkConnectionEnabled: false, pageLoadStrategy: normal, platformName: linux, proxy: Proxy(), se:bidiEnabled: false, se:cdp: ws://172.18.0.2:4444/sessio..., se:cdpVersion: 138.0.7204.157, se:containerName: 03122d7b137b, se:deleteSessionOnUi: true, se:downloadsEnabled: true, se:noVncPort: 7900, se:vnc: ws://172.18.0.2:4444/sessio..., se:vncEnabled: true, se:vncLocalAddress: ws://172.18.0.2:7900, setWindowRect: true, strictFileInteractability: false, timeouts: {implicit: 0, pageLoad: 300000, script: 30000}, unhandledPromptBehavior: dismiss and notify, webauthn:extension:credBlob: true, webauthn:extension:largeBlob: true, webauthn:extension:minPinLength: true, webauthn:extension:prf: true, webauthn:virtualAuthenticators: true}\nElement: [[RemoteWebDriver: chrome on linux (d6d4543634eabea3591fc519e83a54ae)] -> xpath: //img[@data-test='product-image']/ancestor::a]\nSession ID: d6d4543634eabea3591fc519e83a54ae","statusTrace":"org.openqa.selenium.ElementClickInterceptedException: element click intercepted: Element <a data-testid=\"xm-link\" href=\"/us/en/p/women/baggy-wide-leg-jeans/baggy-wide-leg-jeans/ae-dreamy-drapey-stretch-super-high-waisted-baggy-wide-leg-jean/0437_5819_437?nvid=shp%3Awomen-bottoms-under-39&amp;menu=cat4840004\" class=\"xm-link-to qa-xm-link-to _tile-link_1d4brf\">...</a> is not clickable at point (1120, 710). Other element would receive the click: <div data-test-megamenu-backdrop=\"\" class=\"backdrop_lGtV4 backdrop_8QKr1\"></div>\n  (Session info: chrome=138.0.7204.157)\nBuild info: version: '4.28.1', revision: '73f5ad48a2'\nSystem info: os.name: 'Linux', os.arch: 'amd64', os.version: '6.11.0-1018-azure', java.version: '17.0.16'\nDriver info: org.openqa.selenium.remote.RemoteWebDriver\nCommand: [d6d4543634eabea3591fc519e83a54ae, clickElement {id=f.160D041E2A7FA2BE3C00801F3EE7BA43.d.240CBFFFD6B522E6248282A0E59EA6C8.e.112}]\nCapabilities {acceptInsecureCerts: false, browserName: chrome, browserVersion: 138.0.7204.157, chrome: {chromedriverVersion: 138.0.7204.157 (e533e98b126..., userDataDir: /tmp/.org.chromium.Chromium...}, fedcm:accounts: true, goog:chromeOptions: {debuggerAddress: localhost:41869}, goog:loggingPrefs: {browser: ALL}, networkConnectionEnabled: false, pageLoadStrategy: normal, platformName: linux, proxy: Proxy(), se:bidiEnabled: false, se:cdp: ws://172.18.0.2:4444/sessio..., se:cdpVersion: 138.0.7204.157, se:containerName: 03122d7b137b, se:deleteSessionOnUi: true, se:downloadsEnabled: true, se:noVncPort: 7900, se:vnc: ws://172.18.0.2:4444/sessio..., se:vncEnabled: true, se:vncLocalAddress: ws://172.18.0.2:7900, setWindowRect: true, strictFileInteractability: false, timeouts: {implicit: 0, pageLoad: 300000, script: 30000}, unhandledPromptBehavior: dismiss and notify, webauthn:extension:credBlob: true, webauthn:extension:largeBlob: true, webauthn:extension:minPinLength: true, webauthn:extension:prf: true, webauthn:virtualAuthenticators: true}\nElement: [[RemoteWebDriver: chrome on linux (d6d4543634eabea3591fc519e83a54ae)] -> xpath: //img[@data-test='product-image']/ancestor::a]\nSession ID: d6d4543634eabea3591fc519e83a54ae\n\tat java.base/jdk.internal.reflect.NativeConstructorAccessorImpl.newInstance0(Native Method)\n\tat java.base/jdk.internal.reflect.NativeConstructorAccessorImpl.newInstance(NativeConstructorAccessorImpl.java:77)\n\tat java.base/jdk.internal.reflect.DelegatingConstructorAccessorImpl.newInstance(DelegatingConstructorAccessorImpl.java:45)\n\tat java.base/java.lang.reflect.Constructor.newInstanceWithCaller(Constructor.java:500)\n\tat java.base/java.lang.reflect.Constructor.newInstance(Constructor.java:481)\n\tat org.openqa.selenium.remote.ErrorCodec.decode(ErrorCodec.java:167)\n\tat org.openqa.selenium.remote.codec.w3c.W3CHttpResponseCodec.decode(W3CHttpResponseCodec.java:138)\n\tat org.openqa.selenium.remote.codec.w3c.W3CHttpResponseCodec.decode(W3CHttpResponseCodec.java:50)\n\tat org.openqa.selenium.remote.HttpCommandExecutor.execute(HttpCommandExecutor.java:215)\n\tat org.openqa.selenium.remote.TracedCommandExecutor.execute(TracedCommandExecutor.java:53)\n\tat org.openqa.selenium.remote.RemoteWebDriver.execute(RemoteWebDriver.java:545)\n\tat org.openqa.selenium.remote.RemoteWebElement.execute(RemoteWebElement.java:223)\n\tat org.openqa.selenium.remote.RemoteWebElement.click(RemoteWebElement.java:76)\n\tat utils.TestUtils.clickOnRandomLink(TestUtils.java:72)\n\tat utils.TestUtils.clickOnRandomItemLink(TestUtils.java:103)\n\tat ui.CartTest.counterTest(CartTest.java:105)\n\tat java.base/java.lang.reflect.Method.invoke(Method.java:569)\n\tat java.base/java.util.ArrayList.forEach(ArrayList.java:1511)\n\tat java.base/java.util.ArrayList.forEach(ArrayList.java:1511)\n","steps":[{"name":"Click on a random item and add it to the cart","time":{"start":1753500807651,"stop":1753500829468,"duration":21817},"status":"broken","statusMessage":"element click intercepted: Element <a data-testid=\"xm-link\" href=\"/us/en/p/women/baggy-wide-leg-jeans/baggy-wide-leg-jeans/ae-dreamy-drapey-stretch-super-high-waisted-baggy-wide-leg-jean/0437_5819_437?nvid=shp%3Awomen-bottoms-under-39&amp;menu=cat4840004\" class=\"xm-link-to qa-xm-link-to _tile-link_1d4brf\">...</a> is not clickable at point (1120, 710). Other element would receive the click: <div data-test-megamenu-backdrop=\"\" class=\"backdrop_lGtV4 backdrop_8QKr1\"></div>\n  (Session info: chrome=138.0.7204.157)\nBuild info: version: '4.28.1', revision: '73f5ad48a2'\nSystem info: os.name: 'Linux', os.arch: 'amd64', os.version: '6.11.0-1018-azure', java.version: '17.0.16'\nDriver info: org.openqa.selenium.remote.RemoteWebDriver\nCommand: [d6d4543634eabea3591fc519e83a54ae, clickElement {id=f.160D041E2A7FA2BE3C00801F3EE7BA43.d.240CBFFFD6B522E6248282A0E59EA6C8.e.112}]\nCapabilities {acceptInsecureCerts: false, browserName: chrome, browserVersion: 138.0.7204.157, chrome: {chromedriverVersion: 138.0.7204.157 (e533e98b126..., userDataDir: /tmp/.org.chromium.Chromium...}, fedcm:accounts: true, goog:chromeOptions: {debuggerAddress: localhost:41869}, goog:loggingPrefs: {browser: ALL}, networkConnectionEnabled: false, pageLoadStrategy: normal, platformName: linux, proxy: Proxy(), se:bidiEnabled: false, se:cdp: ws://172.18.0.2:4444/sessio..., se:cdpVersion: 138.0.7204.157, se:containerName: 03122d7b137b, se:deleteSessionOnUi: true, se:downloadsEnabled: true, se:noVncPort: 7900, se:vnc: ws://172.18.0.2:4444/sessio..., se:vncEnabled: true, se:vncLocalAddress: ws://172.18.0.2:7900, setWindowRect: true, strictFileInteractability: false, timeouts: {implicit: 0, pageLoad: 300000, script: 30000}, unhandledPromptBehavior: dismiss and notify, webauthn:extension:credBlob: true, webauthn:extension:largeBlob: true, webauthn:extension:minPinLength: true, webauthn:extension:prf: true, webauthn:virtualAuthenticators: true}\nElement: [[RemoteWebDriver: chrome on linux (d6d4543634eabea3591fc519e83a54ae)] -> xpath: //img[@data-test='product-image']/ancestor::a]\nSession ID: d6d4543634eabea3591fc519e83a54ae","statusTrace":"org.openqa.selenium.ElementClickInterceptedException: element click intercepted: Element <a data-testid=\"xm-link\" href=\"/us/en/p/women/baggy-wide-leg-jeans/baggy-wide-leg-jeans/ae-dreamy-drapey-stretch-super-high-waisted-baggy-wide-leg-jean/0437_5819_437?nvid=shp%3Awomen-bottoms-under-39&amp;menu=cat4840004\" class=\"xm-link-to qa-xm-link-to _tile-link_1d4brf\">...</a> is not clickable at point (1120, 710). Other element would receive the click: <div data-test-megamenu-backdrop=\"\" class=\"backdrop_lGtV4 backdrop_8QKr1\"></div>\n  (Session info: chrome=138.0.7204.157)\nBuild info: version: '4.28.1', revision: '73f5ad48a2'\nSystem info: os.name: 'Linux', os.arch: 'amd64', os.version: '6.11.0-1018-azure', java.version: '17.0.16'\nDriver info: org.openqa.selenium.remote.RemoteWebDriver\nCommand: [d6d4543634eabea3591fc519e83a54ae, clickElement {id=f.160D041E2A7FA2BE3C00801F3EE7BA43.d.240CBFFFD6B522E6248282A0E59EA6C8.e.112}]\nCapabilities {acceptInsecureCerts: false, browserName: chrome, browserVersion: 138.0.7204.157, chrome: {chromedriverVersion: 138.0.7204.157 (e533e98b126..., userDataDir: /tmp/.org.chromium.Chromium...}, fedcm:accounts: true, goog:chromeOptions: {debuggerAddress: localhost:41869}, goog:loggingPrefs: {browser: ALL}, networkConnectionEnabled: false, pageLoadStrategy: normal, platformName: linux, proxy: Proxy(), se:bidiEnabled: false, se:cdp: ws://172.18.0.2:4444/sessio..., se:cdpVersion: 138.0.7204.157, se:containerName: 03122d7b137b, se:deleteSessionOnUi: true, se:downloadsEnabled: true, se:noVncPort: 7900, se:vnc: ws://172.18.0.2:4444/sessio..., se:vncEnabled: true, se:vncLocalAddress: ws://172.18.0.2:7900, setWindowRect: true, strictFileInteractability: false, timeouts: {implicit: 0, pageLoad: 300000, script: 30000}, unhandledPromptBehavior: dismiss and notify, webauthn:extension:credBlob: true, webauthn:extension:largeBlob: true, webauthn:extension:minPinLength: true, webauthn:extension:prf: true, webauthn:virtualAuthenticators: true}\nElement: [[RemoteWebDriver: chrome on linux (d6d4543634eabea3591fc519e83a54ae)] -> xpath: //img[@data-test='product-image']/ancestor::a]\nSession ID: d6d4543634eabea3591fc519e83a54ae\n\tat java.base/jdk.internal.reflect.NativeConstructorAccessorImpl.newInstance0(Native Method)\n\tat java.base/jdk.internal.reflect.NativeConstructorAccessorImpl.newInstance(NativeConstructorAccessorImpl.java:77)\n\tat java.base/jdk.internal.reflect.DelegatingConstructorAccessorImpl.newInstance(DelegatingConstructorAccessorImpl.java:45)\n\tat java.base/java.lang.reflect.Constructor.newInstanceWithCaller(Constructor.java:500)\n\tat java.base/java.lang.reflect.Constructor.newInstance(Constructor.java:481)\n\tat org.openqa.selenium.remote.ErrorCodec.decode(ErrorCodec.java:167)\n\tat org.openqa.selenium.remote.codec.w3c.W3CHttpResponseCodec.decode(W3CHttpResponseCodec.java:138)\n\tat org.openqa.selenium.remote.codec.w3c.W3CHttpResponseCodec.decode(W3CHttpResponseCodec.java:50)\n\tat org.openqa.selenium.remote.HttpCommandExecutor.execute(HttpCommandExecutor.java:215)\n\tat org.openqa.selenium.remote.TracedCommandExecutor.execute(TracedCommandExecutor.java:53)\n\tat org.openqa.selenium.remote.RemoteWebDriver.execute(RemoteWebDriver.java:545)\n\tat org.openqa.selenium.remote.RemoteWebElement.execute(RemoteWebElement.java:223)\n\tat org.openqa.selenium.remote.RemoteWebElement.click(RemoteWebElement.java:76)\n\tat utils.TestUtils.clickOnRandomLink(TestUtils.java:72)\n\tat utils.TestUtils.clickOnRandomItemLink(TestUtils.java:103)\n\tat ui.CartTest.counterTest(CartTest.java:105)\n\tat java.base/jdk.internal.reflect.NativeMethodAccessorImpl.invoke0(Native Method)\n\tat java.base/jdk.internal.reflect.NativeMethodAccessorImpl.invoke(NativeMethodAccessorImpl.java:77)\n\tat java.base/jdk.internal.reflect.DelegatingMethodAccessorImpl.invoke(DelegatingMethodAccessorImpl.java:43)\n\tat java.base/java.lang.reflect.Method.invoke(Method.java:569)\n\tat org.junit.platform.commons.util.ReflectionUtils.invokeMethod(ReflectionUtils.java:728)\n\tat org.junit.jupiter.engine.execution.MethodInvocation.proceed(MethodInvocation.java:60)\n\tat org.junit.jupiter.engine.execution.InvocationInterceptorChain$ValidatingInvocation.proceed(InvocationInterceptorChain.java:131)\n\tat org.junit.jupiter.api.extension.InvocationInterceptor.interceptTestMethod(InvocationInterceptor.java:119)\n\tat org.junit.jupiter.engine.execution.InterceptingExecutableInvoker$ReflectiveInterceptorCall.lambda$ofVoidMethod$0(InterceptingExecutableInvoker.java:103)\n\tat org.junit.jupiter.engine.execution.InterceptingExecutableInvoker.lambda$invoke$0(InterceptingExecutableInvoker.java:93)\n\tat org.junit.jupiter.engine.execution.InvocationInterceptorChain$InterceptedInvocation.proceed(InvocationInterceptorChain.java:106)\n\tat org.junit.jupiter.engine.extension.TimeoutExtension.intercept(TimeoutExtension.java:156)\n\tat org.junit.jupiter.engine.extension.TimeoutExtension.interceptTestableMethod(TimeoutExtension.java:147)\n\tat org.junit.jupiter.engine.extension.TimeoutExtension.interceptTestMethod(TimeoutExtension.java:86)\n\tat org.junit.jupiter.engine.execution.InterceptingExecutableInvoker$ReflectiveInterceptorCall.lambda$ofVoidMethod$0(InterceptingExecutableInvoker.java:103)\n\tat org.junit.jupiter.engine.execution.InterceptingExecutableInvoker.lambda$invoke$0(InterceptingExecutableInvoker.java:93)\n\tat org.junit.jupiter.engine.execution.InvocationInterceptorChain$InterceptedInvocation.proceed(InvocationInterceptorChain.java:106)\n\tat org.junit.jupiter.engine.execution.InvocationInterceptorChain.proceed(InvocationInterceptorChain.java:64)\n\tat org.junit.jupiter.engine.execution.InvocationInterceptorChain.chainAndInvoke(InvocationInterceptorChain.java:45)\n\tat org.junit.jupiter.engine.execution.InvocationInterceptorChain.invoke(InvocationInterceptorChain.java:37)\n\tat org.junit.jupiter.engine.execution.InterceptingExecutableInvoker.invoke(InterceptingExecutableInvoker.java:92)\n\tat org.junit.jupiter.engine.execution.InterceptingExecutableInvoker.invoke(InterceptingExecutableInvoker.java:86)\n\tat org.junit.jupiter.engine.descriptor.TestMethodTestDescriptor.lambda$invokeTestMethod$7(TestMethodTestDescriptor.java:218)\n\tat org.junit.platform.engine.support.hierarchical.ThrowableCollector.execute(ThrowableCollector.java:73)\n\tat org.junit.jupiter.engine.descriptor.TestMethodTestDescriptor.invokeTestMethod(TestMethodTestDescriptor.java:214)\n\tat org.junit.jupiter.engine.descriptor.TestMethodTestDescriptor.execute(TestMethodTestDescriptor.java:139)\n\tat org.junit.jupiter.engine.descriptor.TestMethodTestDescriptor.execute(TestMethodTestDescriptor.java:69)\n\tat org.junit.platform.engine.support.hierarchical.NodeTestTask.lambda$executeRecursively$6(NodeTestTask.java:151)\n\tat org.junit.platform.engine.support.hierarchical.ThrowableCollector.execute(ThrowableCollector.java:73)\n\tat org.junit.platform.engine.support.hierarchical.NodeTestTask.lambda$executeRecursively$8(NodeTestTask.java:141)\n\tat org.junit.platform.engine.support.hierarchical.Node.around(Node.java:137)\n\tat org.junit.platform.engine.support.hierarchical.NodeTestTask.lambda$executeRecursively$9(NodeTestTask.java:139)\n\tat org.junit.platform.engine.support.hierarchical.ThrowableCollector.execute(ThrowableCollector.java:73)\n\tat org.junit.platform.engine.support.hierarchical.NodeTestTask.executeRecursively(NodeTestTask.java:138)\n\tat org.junit.platform.engine.support.hierarchical.NodeTestTask.execute(NodeTestTask.java:95)\n\tat java.base/java.util.ArrayList.forEach(ArrayList.java:1511)\n\tat org.junit.platform.engine.support.hierarchical.SameThreadHierarchicalTestExecutorService.invokeAll(SameThreadHierarchicalTestExecutorService.java:41)\n\tat org.junit.platform.engine.support.hierarchical.NodeTestTask.lambda$executeRecursively$6(NodeTestTask.java:155)\n\tat org.junit.platform.engine.support.hierarchical.ThrowableCollector.execute(ThrowableCollector.java:73)\n\tat org.junit.platform.engine.support.hierarchical.NodeTestTask.lambda$executeRecursively$8(NodeTestTask.java:141)\n\tat org.junit.platform.engine.support.hierarchical.Node.around(Node.java:137)\n\tat org.junit.platform.engine.support.hierarchical.NodeTestTask.lambda$executeRecursively$9(NodeTestTask.java:139)\n\tat org.junit.platform.engine.support.hierarchical.ThrowableCollector.execute(ThrowableCollector.java:73)\n\tat org.junit.platform.engine.support.hierarchical.NodeTestTask.executeRecursively(NodeTestTask.java:138)\n\tat org.junit.platform.engine.support.hierarchical.NodeTestTask.execute(NodeTestTask.java:95)\n\tat java.base/java.util.ArrayList.forEach(ArrayList.java:1511)\n\tat org.junit.platform.engine.support.hierarchical.SameThreadHierarchicalTestExecutorService.invokeAll(SameThreadHierarchicalTestExecutorService.java:41)\n\tat org.junit.platform.engine.support.hierarchical.NodeTestTask.lambda$executeRecursively$6(NodeTestTask.java:155)\n\tat org.junit.platform.engine.support.hierarchical.ThrowableCollector.execute(ThrowableCollector.java:73)\n\tat org.junit.platform.engine.support.hierarchical.NodeTestTask.lambda$executeRecursively$8(NodeTestTask.java:141)\n\tat org.junit.platform.engine.support.hierarchical.Node.around(Node.java:137)\n\tat org.junit.platform.engine.support.hierarchical.NodeTestTask.lambda$executeRecursively$9(NodeTestTask.java:139)\n\tat org.junit.platform.engine.support.hierarchical.ThrowableCollector.execute(ThrowableCollector.java:73)\n\tat org.junit.platform.engine.support.hierarchical.NodeTestTask.executeRecursively(NodeTestTask.java:138)\n\tat org.junit.platform.engine.support.hierarchical.NodeTestTask.execute(NodeTestTask.java:95)\n\tat org.junit.platform.engine.support.hierarchical.SameThreadHierarchicalTestExecutorService.submit(SameThreadHierarchicalTestExecutorService.java:35)\n\tat org.junit.platform.engine.support.hierarchical.HierarchicalTestExecutor.execute(HierarchicalTestExecutor.java:57)\n\tat org.junit.platform.engine.support.hierarchical.HierarchicalTestEngine.execute(HierarchicalTestEngine.java:54)\n\tat org.junit.platform.launcher.core.EngineExecutionOrchestrator.execute(EngineExecutionOrchestrator.java:198)\n\tat org.junit.platform.launcher.core.EngineExecutionOrchestrator.execute(EngineExecutionOrchestrator.java:169)\n\tat org.junit.platform.launcher.core.EngineExecutionOrchestrator.execute(EngineExecutionOrchestrator.java:93)\n\tat org.junit.platform.launcher.core.EngineExecutionOrchestrator.lambda$execute$0(EngineExecutionOrchestrator.java:58)\n\tat org.junit.platform.launcher.core.EngineExecutionOrchestrator.withInterceptedStreams(EngineExecutionOrchestrator.java:141)\n\tat org.junit.platform.launcher.core.EngineExecutionOrchestrator.execute(EngineExecutionOrchestrator.java:57)\n\tat org.junit.platform.launcher.core.DefaultLauncher.execute(DefaultLauncher.java:103)\n\tat org.junit.platform.launcher.core.DefaultLauncher.execute(DefaultLauncher.java:85)\n\tat org.junit.platform.launcher.core.DelegatingLauncher.execute(DelegatingLauncher.java:47)\n\tat org.gradle.api.internal.tasks.testing.junitplatform.JUnitPlatformTestClassProcessor$CollectAllTestClassesExecutor.processAllTestClasses(JUnitPlatformTestClassProcessor.java:124)\n\tat org.gradle.api.internal.tasks.testing.junitplatform.JUnitPlatformTestClassProcessor$CollectAllTestClassesExecutor.access$000(JUnitPlatformTestClassProcessor.java:99)\n\tat org.gradle.api.internal.tasks.testing.junitplatform.JUnitPlatformTestClassProcessor.stop(JUnitPlatformTestClassProcessor.java:94)\n\tat org.gradle.api.internal.tasks.testing.SuiteTestClassProcessor.stop(SuiteTestClassProcessor.java:63)\n\tat java.base/jdk.internal.reflect.NativeMethodAccessorImpl.invoke0(Native Method)\n\tat java.base/jdk.internal.reflect.NativeMethodAccessorImpl.invoke(NativeMethodAccessorImpl.java:77)\n\tat java.base/jdk.internal.reflect.DelegatingMethodAccessorImpl.invoke(DelegatingMethodAccessorImpl.java:43)\n\tat java.base/java.lang.reflect.Method.invoke(Method.java:569)\n\tat org.gradle.internal.dispatch.ReflectionDispatch.dispatch(ReflectionDispatch.java:36)\n\tat org.gradle.internal.dispatch.ReflectionDispatch.dispatch(ReflectionDispatch.java:24)\n\tat org.gradle.internal.dispatch.ContextClassLoaderDispatch.dispatch(ContextClassLoaderDispatch.java:33)\n\tat org.gradle.internal.dispatch.ProxyDispatchAdapter$DispatchingInvocationHandler.invoke(ProxyDispatchAdapter.java:92)\n\tat jdk.proxy1/jdk.proxy1.$Proxy4.stop(Unknown Source)\n\tat org.gradle.api.internal.tasks.testing.worker.TestWorker$3.run(TestWorker.java:200)\n\tat org.gradle.api.internal.tasks.testing.worker.TestWorker.executeAndMaintainThreadName(TestWorker.java:132)\n\tat org.gradle.api.internal.tasks.testing.worker.TestWorker.execute(TestWorker.java:103)\n\tat org.gradle.api.internal.tasks.testing.worker.TestWorker.execute(TestWorker.java:63)\n\tat org.gradle.process.internal.worker.child.ActionExecutionWorker.execute(ActionExecutionWorker.java:56)\n\tat org.gradle.process.internal.worker.child.SystemApplicationClassLoaderWorker.call(SystemApplicationClassLoaderWorker.java:121)\n\tat org.gradle.process.internal.worker.child.SystemApplicationClassLoaderWorker.call(SystemApplicationClassLoaderWorker.java:71)\n\tat worker.org.gradle.process.internal.worker.GradleWorkerMain.run(GradleWorkerMain.java:69)\n\tat worker.org.gradle.process.internal.worker.GradleWorkerMain.main(GradleWorkerMain.java:74)\n","steps":[{"name":"Close the popup if it appears","time":{"start":1753500808015,"stop":1753500828325,"duration":20310},"status":"passed","steps":[],"attachments":[],"parameters":[{"name":"baseTest","value":"ui.CartTest@40ee664c"}],"shouldDisplayMessage":false,"stepsCount":0,"attachmentsCount":0,"hasContent":true,"attachmentStep":false}],"attachments":[],"parameters":[{"name":"baseTest","value":"ui.CartTest@40ee664c"}],"shouldDisplayMessage":true,"stepsCount":1,"attachmentsCount":0,"hasContent":true,"attachmentStep":false},{"name":"Capture screenshot (extension)","time":{"start":1753500829469,"stop":1753500829734,"duration":265},"status":"passed","steps":[],"attachments":[{"uid":"6736947a0c68c3f","name":"Screenshot","source":"6736947a0c68c3f.png","type":"image/png","size":368820}],"parameters":[],"shouldDisplayMessage":false,"stepsCount":0,"attachmentsCount":1,"hasContent":true,"attachmentStep":false},{"name":"save HTML in report","time":{"start":1753500829735,"stop":1753500829932,"duration":197},"status":"passed","steps":[],"attachments":[{"uid":"8c780343689148a","name":"HTML on failure","source":"8c780343689148a.html","type":"text/html","size":1828477}],"parameters":[{"name":"name","value":"HTML on failure"}],"shouldDisplayMessage":false,"stepsCount":0,"attachmentsCount":1,"hasContent":true,"attachmentStep":false}],"attachments":[{"uid":"5bef4e973a19c9f8","name":"HTML","source":"5bef4e973a19c9f8.txt","type":"text/html","size":4}],"parameters":[],"shouldDisplayMessage":false,"stepsCount":4,"attachmentsCount":3,"hasContent":true,"attachmentStep":false},"afterStages":[{"name":"tearDown","time":{"start":1753500829933,"stop":1753500830032,"duration":99},"status":"passed","steps":[],"attachments":[],"parameters":[],"shouldDisplayMessage":false,"stepsCount":0,"attachmentsCount":0,"hasContent":false,"attachmentStep":false}],"labels":[{"name":"tag","value":"UI"},{"name":"tag","value":"Critical"},{"name":"tag","value":"Positive"},{"name":"junit.platform.uniqueid","value":"[engine:junit-jupiter]/[class:ui.CartTest]/[method:counterTest()]"},{"name":"epic","value":"UI"},{"name":"feature","value":"Cart"},{"name":"host","value":"pkrvmpptgkbjq6m"},{"name":"thread","value":"3242@pkrvmpptgkbjq6m.Test worker(1)"},{"name":"framework","value":"junit-platform"},{"name":"language","value":"java"},{"name":"package","value":"ui.CartTest"},{"name":"testClass","value":"ui.CartTest"},{"name":"testMethod","value":"counterTest"},{"name":"suite","value":"ui.CartTest"},{"name":"resultFormat","value":"allure2"}],"parameters":[],"links":[],"hidden":false,"retry":false,"extra":{"severity":"normal","retries":[],"categories":[{"name":"Test defects","matchedStatuses":[],"flaky":false}],"history":{"statistic":{"failed":1,"broken":3,"skipped":0,"passed":23,"unknown":0,"total":27},"items":[{"uid":"3510102769dad7af","reportUrl":"https://StepanidaKirillina1.github.io/American_eagle/112//#testresult/3510102769dad7af","status":"broken","statusDetails":"no such element: Unable to locate element: {\"method\":\"css selector\",\"selector\":\"button.close\"}\n  (Session info: chrome=138.0.7204.157)\nFor documentation on this error, please visit: https://www.selenium.dev/documentation/webdriver/troubleshooting/errors#no-such-element-exception\nBuild info: version: '4.28.1', revision: '73f5ad48a2'\nSystem info: os.name: 'Linux', os.arch: 'amd64', os.version: '6.11.0-1018-azure', java.version: '17.0.16'\nDriver info: org.openqa.selenium.remote.RemoteWebDriver\nCommand: [e4192beebd87303644f40b332dc1227f, findElementFromShadowRoot {shadowId=f.0505E24C092BBBB7E4C39468BFD9CEE4.d.8C0C163E7947AB4711979C720A2520AA.e.108, using=css selector, value=button.close}]\nCapabilities {acceptInsecureCerts: false, browserName: chrome, browserVersion: 138.0.7204.157, chrome: {chromedriverVersion: 138.0.7204.157 (e533e98b126..., userDataDir: /tmp/.org.chromium.Chromium...}, fedcm:accounts: true, goog:chromeOptions: {debuggerAddress: localhost:37273}, goog:loggingPrefs: {browser: ALL}, networkConnectionEnabled: false, pageLoadStrategy: normal, platformName: linux, proxy: Proxy(), se:bidiEnabled: false, se:cdp: ws://172.18.0.2:4444/sessio..., se:cdpVersion: 138.0.7204.157, se:containerName: 629a1b5e87bd, se:deleteSessionOnUi: true, se:downloadsEnabled: true, se:noVncPort: 7900, se:vnc: ws://172.18.0.2:4444/sessio..., se:vncEnabled: true, se:vncLocalAddress: ws://172.18.0.2:7900, setWindowRect: true, strictFileInteractability: false, timeouts: {implicit: 0, pageLoad: 300000, script: 30000}, unhandledPromptBehavior: dismiss and notify, webauthn:extension:credBlob: true, webauthn:extension:largeBlob: true, webauthn:extension:minPinLength: true, webauthn:extension:prf: true, webauthn:virtualAuthenticators: true}\nSession ID: e4192beebd87303644f40b332dc1227f","time":{"start":1753494940940,"stop":1753494982257,"duration":41317}},{"uid":"85ba42984838dc9b","reportUrl":"https://StepanidaKirillina1.github.io/American_eagle/111//#testresult/85ba42984838dc9b","status":"passed","time":{"start":1753144113110,"stop":1753144283793,"duration":170683}},{"uid":"4a8298e3b30c3ce9","reportUrl":"https://StepanidaKirillina1.github.io/American_eagle/110//#testresult/4a8298e3b30c3ce9","status":"passed","time":{"start":1753052384322,"stop":1753052439093,"duration":54771}},{"uid":"4451bbcee04a6100","reportUrl":"https://StepanidaKirillina1.github.io/American_eagle/109//#testresult/4451bbcee04a6100","status":"broken","statusDetails":"element click intercepted: Element <button aria-label=\"increase\" class=\"qty-inc-btn _qty-inc-btn_gjd6pr\" type=\"button\">...</button> is not clickable at point (1516, 421). Other element would receive the click: <div class=\"bloomreach-weblayer\"></div>\n  (Session info: chrome=138.0.7204.157)\nBuild info: version: '4.28.1', revision: '73f5ad48a2'\nSystem info: os.name: 'Linux', os.arch: 'amd64', os.version: '6.11.0-1018-azure', java.version: '17.0.15'\nDriver info: org.openqa.selenium.remote.RemoteWebDriver\nCommand: [9c61fdaee6f54649ea55fb57c3fcd7a4, clickElement {id=f.9F0AAA9D2F54BD90E89B43ECDD449751.d.EDE1F676D7B44557110DA02D672F67BC.e.280}]\nCapabilities {acceptInsecureCerts: false, browserName: chrome, browserVersion: 138.0.7204.157, chrome: {chromedriverVersion: 138.0.7204.157 (e533e98b126..., userDataDir: /tmp/.org.chromium.Chromium...}, fedcm:accounts: true, goog:chromeOptions: {debuggerAddress: localhost:42361}, goog:loggingPrefs: {browser: ALL}, networkConnectionEnabled: false, pageLoadStrategy: normal, platformName: linux, proxy: Proxy(), se:bidiEnabled: false, se:cdp: ws://172.18.0.2:4444/sessio..., se:cdpVersion: 138.0.7204.157, se:containerName: 6a7379b959f9, se:deleteSessionOnUi: true, se:downloadsEnabled: true, se:noVncPort: 7900, se:vnc: ws://172.18.0.2:4444/sessio..., se:vncEnabled: true, se:vncLocalAddress: ws://172.18.0.2:7900, setWindowRect: true, strictFileInteractability: false, timeouts: {implicit: 0, pageLoad: 300000, script: 30000}, unhandledPromptBehavior: dismiss and notify, webauthn:extension:credBlob: true, webauthn:extension:largeBlob: true, webauthn:extension:minPinLength: true, webauthn:extension:prf: true, webauthn:virtualAuthenticators: true}\nElement: [[RemoteWebDriver: chrome on linux (9c61fdaee6f54649ea55fb57c3fcd7a4)] -> css selector: button[aria-label='increase']]\nSession ID: 9c61fdaee6f54649ea55fb57c3fcd7a4","time":{"start":1753050311414,"stop":1753050384704,"duration":73290}},{"uid":"11f9aae2def5e99f","reportUrl":"https://StepanidaKirillina1.github.io/American_eagle/108//#testresult/11f9aae2def5e99f","status":"passed","time":{"start":1752969191383,"stop":1752969319897,"duration":128514}},{"uid":"6041232b07ea4c55","reportUrl":"https://StepanidaKirillina1.github.io/American_eagle/107//#testresult/6041232b07ea4c55","status":"failed","statusDetails":"expected: <10> but was: <9>","time":{"start":1752965918068,"stop":1752966029980,"duration":111912}},{"uid":"3fd380498ebf87dc","reportUrl":"https://StepanidaKirillina1.github.io/American_eagle/106//#testresult/3fd380498ebf87dc","status":"passed","time":{"start":1752910684887,"stop":1752910813917,"duration":129030}},{"uid":"6d907d1346b7d7f5","reportUrl":"https://StepanidaKirillina1.github.io/American_eagle/105//#testresult/6d907d1346b7d7f5","status":"passed","time":{"start":1752909277825,"stop":1752909411212,"duration":133387}},{"uid":"ed9f35b800f7bb46","reportUrl":"https://StepanidaKirillina1.github.io/American_eagle/104//#testresult/ed9f35b800f7bb46","status":"passed","time":{"start":1752883856377,"stop":1752883979890,"duration":123513}},{"uid":"d184dd8daa25f37a","reportUrl":"https://StepanidaKirillina1.github.io/American_eagle/103//#testresult/d184dd8daa25f37a","status":"passed","time":{"start":1752830383115,"stop":1752830503179,"duration":120064}},{"uid":"f4e29e4c6b39ecd2","reportUrl":"https://StepanidaKirillina1.github.io/American_eagle/102//#testresult/f4e29e4c6b39ecd2","status":"passed","time":{"start":1752817787019,"stop":1752817843077,"duration":56058}},{"uid":"d3083f6a35ae8266","reportUrl":"https://StepanidaKirillina1.github.io/American_eagle/101//#testresult/d3083f6a35ae8266","status":"passed","time":{"start":1752810358805,"stop":1752810415039,"duration":56234}},{"uid":"c186355390871c12","reportUrl":"https://StepanidaKirillina1.github.io/American_eagle/101//#testresult/c186355390871c12","status":"passed","time":{"start":1752809334375,"stop":1752809390530,"duration":56155}},{"uid":"503a843dcad0e0b1","reportUrl":"https://StepanidaKirillina1.github.io/American_eagle/100//#testresult/503a843dcad0e0b1","status":"passed","time":{"start":1752808020528,"stop":1752808077247,"duration":56719}},{"uid":"513b6cb1dfe2cb8a","reportUrl":"https://StepanidaKirillina1.github.io/American_eagle/99//#testresult/513b6cb1dfe2cb8a","status":"passed","time":{"start":1752806100840,"stop":1752806156823,"duration":55983}},{"uid":"10c575bb50265c58","reportUrl":"https://StepanidaKirillina1.github.io/American_eagle/98//#testresult/10c575bb50265c58","status":"passed","time":{"start":1752721890165,"stop":1752721946232,"duration":56067}},{"uid":"5d2e3a99195a9162","reportUrl":"https://StepanidaKirillina1.github.io/American_eagle/98//#testresult/5d2e3a99195a9162","status":"passed","time":{"start":1752720850661,"stop":1752720906958,"duration":56297}},{"uid":"863e9b40beeb72c4","reportUrl":"https://StepanidaKirillina1.github.io/American_eagle/98//#testresult/863e9b40beeb72c4","status":"passed","time":{"start":1752719765846,"stop":1752719820217,"duration":54371}},{"uid":"32badc5442ae648d","reportUrl":"https://StepanidaKirillina1.github.io/American_eagle/97//#testresult/32badc5442ae648d","status":"passed","time":{"start":1752714953483,"stop":1752715010439,"duration":56956}},{"uid":"cfb5ffc42b62bda9","reportUrl":"https://StepanidaKirillina1.github.io/American_eagle/96//#testresult/cfb5ffc42b62bda9","status":"passed","time":{"start":1752710450861,"stop":1752710505570,"duration":54709}}]},"tags":["UI","Positive","Critical"]},"source":"d751f2e6b89a3952.json","parameterValues":[]}