{"uid":"2b9d21791181f4a3","name":"addItemToCartViaQuickShopButton()","fullName":"ui.CartTest.addItemToCartViaQuickShopButton","historyId":"1fbdd5be6cbe98b7058220aa8ef69405","time":{"start":1752581759756,"stop":1752581789306,"duration":29550},"description":"","status":"broken","statusMessage":"element click intercepted: Element <a href=\"#\" class=\"clickable qa-show-sidetray-quickview sidetray-quickview btn btn-tertiary btn-sm quickshop-product-btn qa-quickshop-product-btn _quickshop-button_1d4brf _container_10vdy3\" tabindex=\"0\">...</a> is not clickable at point (781, 881). Other element would receive the click: <a href=\"https://s7d2.scene7.com/is/content/aeo/Help/AEO_US_Terms_of_Use.pdf\" tabindex=\"2\">...</a>\n  (Session info: chrome=138.0.7204.100)\nBuild info: version: '4.28.1', revision: '73f5ad48a2'\nSystem info: os.name: 'Linux', os.arch: 'amd64', os.version: '6.11.0-1018-azure', java.version: '17.0.15'\nDriver info: org.openqa.selenium.remote.RemoteWebDriver\nCommand: [03eb604b02cb58da2a1fbc97b1a9ccb9, clickElement {id=f.BF1E6B66E6AF0FDA50800962D96A8405.d.2C7F1B579CF0DED6A5D1420A916AAC55.e.109}]\nCapabilities {acceptInsecureCerts: false, browserName: chrome, browserVersion: 138.0.7204.100, chrome: {chromedriverVersion: 138.0.7204.94 (545025748884..., userDataDir: /tmp/.org.chromium.Chromium...}, fedcm:accounts: true, goog:chromeOptions: {debuggerAddress: localhost:45923}, goog:loggingPrefs: {browser: ALL}, networkConnectionEnabled: false, pageLoadStrategy: normal, platformName: linux, proxy: Proxy(), se:bidiEnabled: false, se:cdp: ws://172.18.0.2:4444/sessio..., se:cdpVersion: 138.0.7204.100, se:containerName: 0f6bd3234f39, se:deleteSessionOnUi: true, se:downloadsEnabled: true, se:noVncPort: 7900, se:vnc: ws://172.18.0.2:4444/sessio..., se:vncEnabled: true, se:vncLocalAddress: ws://172.18.0.2:7900, setWindowRect: true, strictFileInteractability: false, timeouts: {implicit: 0, pageLoad: 300000, script: 30000}, unhandledPromptBehavior: dismiss and notify, webauthn:extension:credBlob: true, webauthn:extension:largeBlob: true, webauthn:extension:minPinLength: true, webauthn:extension:prf: true, webauthn:virtualAuthenticators: true}\nElement: [[RemoteWebDriver: chrome on linux (03eb604b02cb58da2a1fbc97b1a9ccb9)] -> css selector: a.clickable.qa-show-sidetray-quickview]\nSession ID: 03eb604b02cb58da2a1fbc97b1a9ccb9","statusTrace":"org.openqa.selenium.ElementClickInterceptedException: element click intercepted: Element <a href=\"#\" class=\"clickable qa-show-sidetray-quickview sidetray-quickview btn btn-tertiary btn-sm quickshop-product-btn qa-quickshop-product-btn _quickshop-button_1d4brf _container_10vdy3\" tabindex=\"0\">...</a> is not clickable at point (781, 881). Other element would receive the click: <a href=\"https://s7d2.scene7.com/is/content/aeo/Help/AEO_US_Terms_of_Use.pdf\" tabindex=\"2\">...</a>\n  (Session info: chrome=138.0.7204.100)\nBuild info: version: '4.28.1', revision: '73f5ad48a2'\nSystem info: os.name: 'Linux', os.arch: 'amd64', os.version: '6.11.0-1018-azure', java.version: '17.0.15'\nDriver info: org.openqa.selenium.remote.RemoteWebDriver\nCommand: [03eb604b02cb58da2a1fbc97b1a9ccb9, clickElement {id=f.BF1E6B66E6AF0FDA50800962D96A8405.d.2C7F1B579CF0DED6A5D1420A916AAC55.e.109}]\nCapabilities {acceptInsecureCerts: false, browserName: chrome, browserVersion: 138.0.7204.100, chrome: {chromedriverVersion: 138.0.7204.94 (545025748884..., userDataDir: /tmp/.org.chromium.Chromium...}, fedcm:accounts: true, goog:chromeOptions: {debuggerAddress: localhost:45923}, goog:loggingPrefs: {browser: ALL}, networkConnectionEnabled: false, pageLoadStrategy: normal, platformName: linux, proxy: Proxy(), se:bidiEnabled: false, se:cdp: ws://172.18.0.2:4444/sessio..., se:cdpVersion: 138.0.7204.100, se:containerName: 0f6bd3234f39, se:deleteSessionOnUi: true, se:downloadsEnabled: true, se:noVncPort: 7900, se:vnc: ws://172.18.0.2:4444/sessio..., se:vncEnabled: true, se:vncLocalAddress: ws://172.18.0.2:7900, setWindowRect: true, strictFileInteractability: false, timeouts: {implicit: 0, pageLoad: 300000, script: 30000}, unhandledPromptBehavior: dismiss and notify, webauthn:extension:credBlob: true, webauthn:extension:largeBlob: true, webauthn:extension:minPinLength: true, webauthn:extension:prf: true, webauthn:virtualAuthenticators: true}\nElement: [[RemoteWebDriver: chrome on linux (03eb604b02cb58da2a1fbc97b1a9ccb9)] -> css selector: a.clickable.qa-show-sidetray-quickview]\nSession ID: 03eb604b02cb58da2a1fbc97b1a9ccb9\n\tat java.base/jdk.internal.reflect.NativeConstructorAccessorImpl.newInstance0(Native Method)\n\tat java.base/jdk.internal.reflect.NativeConstructorAccessorImpl.newInstance(NativeConstructorAccessorImpl.java:77)\n\tat java.base/jdk.internal.reflect.DelegatingConstructorAccessorImpl.newInstance(DelegatingConstructorAccessorImpl.java:45)\n\tat java.base/java.lang.reflect.Constructor.newInstanceWithCaller(Constructor.java:500)\n\tat java.base/java.lang.reflect.Constructor.newInstance(Constructor.java:481)\n\tat org.openqa.selenium.remote.ErrorCodec.decode(ErrorCodec.java:167)\n\tat org.openqa.selenium.remote.codec.w3c.W3CHttpResponseCodec.decode(W3CHttpResponseCodec.java:138)\n\tat org.openqa.selenium.remote.codec.w3c.W3CHttpResponseCodec.decode(W3CHttpResponseCodec.java:50)\n\tat org.openqa.selenium.remote.HttpCommandExecutor.execute(HttpCommandExecutor.java:215)\n\tat org.openqa.selenium.remote.TracedCommandExecutor.execute(TracedCommandExecutor.java:53)\n\tat org.openqa.selenium.remote.RemoteWebDriver.execute(RemoteWebDriver.java:545)\n\tat org.openqa.selenium.remote.RemoteWebElement.execute(RemoteWebElement.java:223)\n\tat org.openqa.selenium.remote.RemoteWebElement.click(RemoteWebElement.java:76)\n\tat utils.TestUtils.addFirstItemToCartViaQuickShopButton(TestUtils.java:116)\n\tat ui.CartTest.addItemToCartViaQuickShopButton(CartTest.java:72)\n\tat java.base/java.lang.reflect.Method.invoke(Method.java:569)\n\tat java.base/java.util.ArrayList.forEach(ArrayList.java:1511)\n\tat java.base/java.util.ArrayList.forEach(ArrayList.java:1511)\n","flaky":false,"newFailed":false,"newBroken":true,"newPassed":false,"retriesCount":0,"retriesStatusChange":false,"beforeStages":[{"name":"setUp","time":{"start":1752581759758,"stop":1752581787062,"duration":27304},"status":"passed","steps":[{"name":"Click on a random women category item","time":{"start":1752581763698,"stop":1752581766565,"duration":2867},"status":"passed","steps":[],"attachments":[],"parameters":[{"name":"driver","value":"RemoteWebDriver: chrome on linux (03eb604b02cb58da2a1fbc97b1a9ccb9)"},{"name":"baseTest","value":"ui.CartTest@230fbdf5"}],"shouldDisplayMessage":false,"stepsCount":0,"attachmentsCount":0,"hasContent":true,"attachmentStep":false},{"name":"Close the popup if it appears","time":{"start":1752581766565,"stop":1752581787062,"duration":20497},"status":"passed","steps":[],"attachments":[],"parameters":[{"name":"baseTest","value":"ui.CartTest@230fbdf5"}],"shouldDisplayMessage":false,"stepsCount":0,"attachmentsCount":0,"hasContent":true,"attachmentStep":false}],"attachments":[],"parameters":[],"shouldDisplayMessage":false,"stepsCount":2,"attachmentsCount":0,"hasContent":true,"attachmentStep":false}],"testStage":{"description":"","status":"broken","statusMessage":"element click intercepted: Element <a href=\"#\" class=\"clickable qa-show-sidetray-quickview sidetray-quickview btn btn-tertiary btn-sm quickshop-product-btn qa-quickshop-product-btn _quickshop-button_1d4brf _container_10vdy3\" tabindex=\"0\">...</a> is not clickable at point (781, 881). Other element would receive the click: <a href=\"https://s7d2.scene7.com/is/content/aeo/Help/AEO_US_Terms_of_Use.pdf\" tabindex=\"2\">...</a>\n  (Session info: chrome=138.0.7204.100)\nBuild info: version: '4.28.1', revision: '73f5ad48a2'\nSystem info: os.name: 'Linux', os.arch: 'amd64', os.version: '6.11.0-1018-azure', java.version: '17.0.15'\nDriver info: org.openqa.selenium.remote.RemoteWebDriver\nCommand: [03eb604b02cb58da2a1fbc97b1a9ccb9, clickElement {id=f.BF1E6B66E6AF0FDA50800962D96A8405.d.2C7F1B579CF0DED6A5D1420A916AAC55.e.109}]\nCapabilities {acceptInsecureCerts: false, browserName: chrome, browserVersion: 138.0.7204.100, chrome: {chromedriverVersion: 138.0.7204.94 (545025748884..., userDataDir: /tmp/.org.chromium.Chromium...}, fedcm:accounts: true, goog:chromeOptions: {debuggerAddress: localhost:45923}, goog:loggingPrefs: {browser: ALL}, networkConnectionEnabled: false, pageLoadStrategy: normal, platformName: linux, proxy: Proxy(), se:bidiEnabled: false, se:cdp: ws://172.18.0.2:4444/sessio..., se:cdpVersion: 138.0.7204.100, se:containerName: 0f6bd3234f39, se:deleteSessionOnUi: true, se:downloadsEnabled: true, se:noVncPort: 7900, se:vnc: ws://172.18.0.2:4444/sessio..., se:vncEnabled: true, se:vncLocalAddress: ws://172.18.0.2:7900, setWindowRect: true, strictFileInteractability: false, timeouts: {implicit: 0, pageLoad: 300000, script: 30000}, unhandledPromptBehavior: dismiss and notify, webauthn:extension:credBlob: true, webauthn:extension:largeBlob: true, webauthn:extension:minPinLength: true, webauthn:extension:prf: true, webauthn:virtualAuthenticators: true}\nElement: [[RemoteWebDriver: chrome on linux (03eb604b02cb58da2a1fbc97b1a9ccb9)] -> css selector: a.clickable.qa-show-sidetray-quickview]\nSession ID: 03eb604b02cb58da2a1fbc97b1a9ccb9","statusTrace":"org.openqa.selenium.ElementClickInterceptedException: element click intercepted: Element <a href=\"#\" class=\"clickable qa-show-sidetray-quickview sidetray-quickview btn btn-tertiary btn-sm quickshop-product-btn qa-quickshop-product-btn _quickshop-button_1d4brf _container_10vdy3\" tabindex=\"0\">...</a> is not clickable at point (781, 881). Other element would receive the click: <a href=\"https://s7d2.scene7.com/is/content/aeo/Help/AEO_US_Terms_of_Use.pdf\" tabindex=\"2\">...</a>\n  (Session info: chrome=138.0.7204.100)\nBuild info: version: '4.28.1', revision: '73f5ad48a2'\nSystem info: os.name: 'Linux', os.arch: 'amd64', os.version: '6.11.0-1018-azure', java.version: '17.0.15'\nDriver info: org.openqa.selenium.remote.RemoteWebDriver\nCommand: [03eb604b02cb58da2a1fbc97b1a9ccb9, clickElement {id=f.BF1E6B66E6AF0FDA50800962D96A8405.d.2C7F1B579CF0DED6A5D1420A916AAC55.e.109}]\nCapabilities {acceptInsecureCerts: false, browserName: chrome, browserVersion: 138.0.7204.100, chrome: {chromedriverVersion: 138.0.7204.94 (545025748884..., userDataDir: /tmp/.org.chromium.Chromium...}, fedcm:accounts: true, goog:chromeOptions: {debuggerAddress: localhost:45923}, goog:loggingPrefs: {browser: ALL}, networkConnectionEnabled: false, pageLoadStrategy: normal, platformName: linux, proxy: Proxy(), se:bidiEnabled: false, se:cdp: ws://172.18.0.2:4444/sessio..., se:cdpVersion: 138.0.7204.100, se:containerName: 0f6bd3234f39, se:deleteSessionOnUi: true, se:downloadsEnabled: true, se:noVncPort: 7900, se:vnc: ws://172.18.0.2:4444/sessio..., se:vncEnabled: true, se:vncLocalAddress: ws://172.18.0.2:7900, setWindowRect: true, strictFileInteractability: false, timeouts: {implicit: 0, pageLoad: 300000, script: 30000}, unhandledPromptBehavior: dismiss and notify, webauthn:extension:credBlob: true, webauthn:extension:largeBlob: true, webauthn:extension:minPinLength: true, webauthn:extension:prf: true, webauthn:virtualAuthenticators: true}\nElement: [[RemoteWebDriver: chrome on linux (03eb604b02cb58da2a1fbc97b1a9ccb9)] -> css selector: a.clickable.qa-show-sidetray-quickview]\nSession ID: 03eb604b02cb58da2a1fbc97b1a9ccb9\n\tat java.base/jdk.internal.reflect.NativeConstructorAccessorImpl.newInstance0(Native Method)\n\tat java.base/jdk.internal.reflect.NativeConstructorAccessorImpl.newInstance(NativeConstructorAccessorImpl.java:77)\n\tat java.base/jdk.internal.reflect.DelegatingConstructorAccessorImpl.newInstance(DelegatingConstructorAccessorImpl.java:45)\n\tat java.base/java.lang.reflect.Constructor.newInstanceWithCaller(Constructor.java:500)\n\tat java.base/java.lang.reflect.Constructor.newInstance(Constructor.java:481)\n\tat org.openqa.selenium.remote.ErrorCodec.decode(ErrorCodec.java:167)\n\tat org.openqa.selenium.remote.codec.w3c.W3CHttpResponseCodec.decode(W3CHttpResponseCodec.java:138)\n\tat org.openqa.selenium.remote.codec.w3c.W3CHttpResponseCodec.decode(W3CHttpResponseCodec.java:50)\n\tat org.openqa.selenium.remote.HttpCommandExecutor.execute(HttpCommandExecutor.java:215)\n\tat org.openqa.selenium.remote.TracedCommandExecutor.execute(TracedCommandExecutor.java:53)\n\tat org.openqa.selenium.remote.RemoteWebDriver.execute(RemoteWebDriver.java:545)\n\tat org.openqa.selenium.remote.RemoteWebElement.execute(RemoteWebElement.java:223)\n\tat org.openqa.selenium.remote.RemoteWebElement.click(RemoteWebElement.java:76)\n\tat utils.TestUtils.addFirstItemToCartViaQuickShopButton(TestUtils.java:116)\n\tat ui.CartTest.addItemToCartViaQuickShopButton(CartTest.java:72)\n\tat java.base/java.lang.reflect.Method.invoke(Method.java:569)\n\tat java.base/java.util.ArrayList.forEach(ArrayList.java:1511)\n\tat java.base/java.util.ArrayList.forEach(ArrayList.java:1511)\n","steps":[{"name":"Click on a random item via the Quick Shop button and add it to the cart","time":{"start":1752581787063,"stop":1752581788498,"duration":1435},"status":"broken","statusMessage":"element click intercepted: Element <a href=\"#\" class=\"clickable qa-show-sidetray-quickview sidetray-quickview btn btn-tertiary btn-sm quickshop-product-btn qa-quickshop-product-btn _quickshop-button_1d4brf _container_10vdy3\" tabindex=\"0\">...</a> is not clickable at point (781, 881). Other element would receive the click: <a href=\"https://s7d2.scene7.com/is/content/aeo/Help/AEO_US_Terms_of_Use.pdf\" tabindex=\"2\">...</a>\n  (Session info: chrome=138.0.7204.100)\nBuild info: version: '4.28.1', revision: '73f5ad48a2'\nSystem info: os.name: 'Linux', os.arch: 'amd64', os.version: '6.11.0-1018-azure', java.version: '17.0.15'\nDriver info: org.openqa.selenium.remote.RemoteWebDriver\nCommand: [03eb604b02cb58da2a1fbc97b1a9ccb9, clickElement {id=f.BF1E6B66E6AF0FDA50800962D96A8405.d.2C7F1B579CF0DED6A5D1420A916AAC55.e.109}]\nCapabilities {acceptInsecureCerts: false, browserName: chrome, browserVersion: 138.0.7204.100, chrome: {chromedriverVersion: 138.0.7204.94 (545025748884..., userDataDir: /tmp/.org.chromium.Chromium...}, fedcm:accounts: true, goog:chromeOptions: {debuggerAddress: localhost:45923}, goog:loggingPrefs: {browser: ALL}, networkConnectionEnabled: false, pageLoadStrategy: normal, platformName: linux, proxy: Proxy(), se:bidiEnabled: false, se:cdp: ws://172.18.0.2:4444/sessio..., se:cdpVersion: 138.0.7204.100, se:containerName: 0f6bd3234f39, se:deleteSessionOnUi: true, se:downloadsEnabled: true, se:noVncPort: 7900, se:vnc: ws://172.18.0.2:4444/sessio..., se:vncEnabled: true, se:vncLocalAddress: ws://172.18.0.2:7900, setWindowRect: true, strictFileInteractability: false, timeouts: {implicit: 0, pageLoad: 300000, script: 30000}, unhandledPromptBehavior: dismiss and notify, webauthn:extension:credBlob: true, webauthn:extension:largeBlob: true, webauthn:extension:minPinLength: true, webauthn:extension:prf: true, webauthn:virtualAuthenticators: true}\nElement: [[RemoteWebDriver: chrome on linux (03eb604b02cb58da2a1fbc97b1a9ccb9)] -> css selector: a.clickable.qa-show-sidetray-quickview]\nSession ID: 03eb604b02cb58da2a1fbc97b1a9ccb9","statusTrace":"org.openqa.selenium.ElementClickInterceptedException: element click intercepted: Element <a href=\"#\" class=\"clickable qa-show-sidetray-quickview sidetray-quickview btn btn-tertiary btn-sm quickshop-product-btn qa-quickshop-product-btn _quickshop-button_1d4brf _container_10vdy3\" tabindex=\"0\">...</a> is not clickable at point (781, 881). Other element would receive the click: <a href=\"https://s7d2.scene7.com/is/content/aeo/Help/AEO_US_Terms_of_Use.pdf\" tabindex=\"2\">...</a>\n  (Session info: chrome=138.0.7204.100)\nBuild info: version: '4.28.1', revision: '73f5ad48a2'\nSystem info: os.name: 'Linux', os.arch: 'amd64', os.version: '6.11.0-1018-azure', java.version: '17.0.15'\nDriver info: org.openqa.selenium.remote.RemoteWebDriver\nCommand: [03eb604b02cb58da2a1fbc97b1a9ccb9, clickElement {id=f.BF1E6B66E6AF0FDA50800962D96A8405.d.2C7F1B579CF0DED6A5D1420A916AAC55.e.109}]\nCapabilities {acceptInsecureCerts: false, browserName: chrome, browserVersion: 138.0.7204.100, chrome: {chromedriverVersion: 138.0.7204.94 (545025748884..., userDataDir: /tmp/.org.chromium.Chromium...}, fedcm:accounts: true, goog:chromeOptions: {debuggerAddress: localhost:45923}, goog:loggingPrefs: {browser: ALL}, networkConnectionEnabled: false, pageLoadStrategy: normal, platformName: linux, proxy: Proxy(), se:bidiEnabled: false, se:cdp: ws://172.18.0.2:4444/sessio..., se:cdpVersion: 138.0.7204.100, se:containerName: 0f6bd3234f39, se:deleteSessionOnUi: true, se:downloadsEnabled: true, se:noVncPort: 7900, se:vnc: ws://172.18.0.2:4444/sessio..., se:vncEnabled: true, se:vncLocalAddress: ws://172.18.0.2:7900, setWindowRect: true, strictFileInteractability: false, timeouts: {implicit: 0, pageLoad: 300000, script: 30000}, unhandledPromptBehavior: dismiss and notify, webauthn:extension:credBlob: true, webauthn:extension:largeBlob: true, webauthn:extension:minPinLength: true, webauthn:extension:prf: true, webauthn:virtualAuthenticators: true}\nElement: [[RemoteWebDriver: chrome on linux (03eb604b02cb58da2a1fbc97b1a9ccb9)] -> css selector: a.clickable.qa-show-sidetray-quickview]\nSession ID: 03eb604b02cb58da2a1fbc97b1a9ccb9\n\tat java.base/jdk.internal.reflect.NativeConstructorAccessorImpl.newInstance0(Native Method)\n\tat java.base/jdk.internal.reflect.NativeConstructorAccessorImpl.newInstance(NativeConstructorAccessorImpl.java:77)\n\tat java.base/jdk.internal.reflect.DelegatingConstructorAccessorImpl.newInstance(DelegatingConstructorAccessorImpl.java:45)\n\tat java.base/java.lang.reflect.Constructor.newInstanceWithCaller(Constructor.java:500)\n\tat java.base/java.lang.reflect.Constructor.newInstance(Constructor.java:481)\n\tat org.openqa.selenium.remote.ErrorCodec.decode(ErrorCodec.java:167)\n\tat org.openqa.selenium.remote.codec.w3c.W3CHttpResponseCodec.decode(W3CHttpResponseCodec.java:138)\n\tat org.openqa.selenium.remote.codec.w3c.W3CHttpResponseCodec.decode(W3CHttpResponseCodec.java:50)\n\tat org.openqa.selenium.remote.HttpCommandExecutor.execute(HttpCommandExecutor.java:215)\n\tat org.openqa.selenium.remote.TracedCommandExecutor.execute(TracedCommandExecutor.java:53)\n\tat org.openqa.selenium.remote.RemoteWebDriver.execute(RemoteWebDriver.java:545)\n\tat org.openqa.selenium.remote.RemoteWebElement.execute(RemoteWebElement.java:223)\n\tat org.openqa.selenium.remote.RemoteWebElement.click(RemoteWebElement.java:76)\n\tat utils.TestUtils.addFirstItemToCartViaQuickShopButton(TestUtils.java:116)\n\tat ui.CartTest.addItemToCartViaQuickShopButton(CartTest.java:72)\n\tat java.base/jdk.internal.reflect.NativeMethodAccessorImpl.invoke0(Native Method)\n\tat java.base/jdk.internal.reflect.NativeMethodAccessorImpl.invoke(NativeMethodAccessorImpl.java:77)\n\tat java.base/jdk.internal.reflect.DelegatingMethodAccessorImpl.invoke(DelegatingMethodAccessorImpl.java:43)\n\tat java.base/java.lang.reflect.Method.invoke(Method.java:569)\n\tat org.junit.platform.commons.util.ReflectionUtils.invokeMethod(ReflectionUtils.java:728)\n\tat org.junit.jupiter.engine.execution.MethodInvocation.proceed(MethodInvocation.java:60)\n\tat org.junit.jupiter.engine.execution.InvocationInterceptorChain$ValidatingInvocation.proceed(InvocationInterceptorChain.java:131)\n\tat org.junit.jupiter.api.extension.InvocationInterceptor.interceptTestMethod(InvocationInterceptor.java:119)\n\tat org.junit.jupiter.engine.execution.InterceptingExecutableInvoker$ReflectiveInterceptorCall.lambda$ofVoidMethod$0(InterceptingExecutableInvoker.java:103)\n\tat org.junit.jupiter.engine.execution.InterceptingExecutableInvoker.lambda$invoke$0(InterceptingExecutableInvoker.java:93)\n\tat org.junit.jupiter.engine.execution.InvocationInterceptorChain$InterceptedInvocation.proceed(InvocationInterceptorChain.java:106)\n\tat org.junit.jupiter.engine.extension.TimeoutExtension.intercept(TimeoutExtension.java:156)\n\tat org.junit.jupiter.engine.extension.TimeoutExtension.interceptTestableMethod(TimeoutExtension.java:147)\n\tat org.junit.jupiter.engine.extension.TimeoutExtension.interceptTestMethod(TimeoutExtension.java:86)\n\tat org.junit.jupiter.engine.execution.InterceptingExecutableInvoker$ReflectiveInterceptorCall.lambda$ofVoidMethod$0(InterceptingExecutableInvoker.java:103)\n\tat org.junit.jupiter.engine.execution.InterceptingExecutableInvoker.lambda$invoke$0(InterceptingExecutableInvoker.java:93)\n\tat org.junit.jupiter.engine.execution.InvocationInterceptorChain$InterceptedInvocation.proceed(InvocationInterceptorChain.java:106)\n\tat org.junit.jupiter.engine.execution.InvocationInterceptorChain.proceed(InvocationInterceptorChain.java:64)\n\tat org.junit.jupiter.engine.execution.InvocationInterceptorChain.chainAndInvoke(InvocationInterceptorChain.java:45)\n\tat org.junit.jupiter.engine.execution.InvocationInterceptorChain.invoke(InvocationInterceptorChain.java:37)\n\tat org.junit.jupiter.engine.execution.InterceptingExecutableInvoker.invoke(InterceptingExecutableInvoker.java:92)\n\tat org.junit.jupiter.engine.execution.InterceptingExecutableInvoker.invoke(InterceptingExecutableInvoker.java:86)\n\tat org.junit.jupiter.engine.descriptor.TestMethodTestDescriptor.lambda$invokeTestMethod$7(TestMethodTestDescriptor.java:218)\n\tat org.junit.platform.engine.support.hierarchical.ThrowableCollector.execute(ThrowableCollector.java:73)\n\tat org.junit.jupiter.engine.descriptor.TestMethodTestDescriptor.invokeTestMethod(TestMethodTestDescriptor.java:214)\n\tat org.junit.jupiter.engine.descriptor.TestMethodTestDescriptor.execute(TestMethodTestDescriptor.java:139)\n\tat org.junit.jupiter.engine.descriptor.TestMethodTestDescriptor.execute(TestMethodTestDescriptor.java:69)\n\tat org.junit.platform.engine.support.hierarchical.NodeTestTask.lambda$executeRecursively$6(NodeTestTask.java:151)\n\tat org.junit.platform.engine.support.hierarchical.ThrowableCollector.execute(ThrowableCollector.java:73)\n\tat org.junit.platform.engine.support.hierarchical.NodeTestTask.lambda$executeRecursively$8(NodeTestTask.java:141)\n\tat org.junit.platform.engine.support.hierarchical.Node.around(Node.java:137)\n\tat org.junit.platform.engine.support.hierarchical.NodeTestTask.lambda$executeRecursively$9(NodeTestTask.java:139)\n\tat org.junit.platform.engine.support.hierarchical.ThrowableCollector.execute(ThrowableCollector.java:73)\n\tat org.junit.platform.engine.support.hierarchical.NodeTestTask.executeRecursively(NodeTestTask.java:138)\n\tat org.junit.platform.engine.support.hierarchical.NodeTestTask.execute(NodeTestTask.java:95)\n\tat java.base/java.util.ArrayList.forEach(ArrayList.java:1511)\n\tat org.junit.platform.engine.support.hierarchical.SameThreadHierarchicalTestExecutorService.invokeAll(SameThreadHierarchicalTestExecutorService.java:41)\n\tat org.junit.platform.engine.support.hierarchical.NodeTestTask.lambda$executeRecursively$6(NodeTestTask.java:155)\n\tat org.junit.platform.engine.support.hierarchical.ThrowableCollector.execute(ThrowableCollector.java:73)\n\tat org.junit.platform.engine.support.hierarchical.NodeTestTask.lambda$executeRecursively$8(NodeTestTask.java:141)\n\tat org.junit.platform.engine.support.hierarchical.Node.around(Node.java:137)\n\tat org.junit.platform.engine.support.hierarchical.NodeTestTask.lambda$executeRecursively$9(NodeTestTask.java:139)\n\tat org.junit.platform.engine.support.hierarchical.ThrowableCollector.execute(ThrowableCollector.java:73)\n\tat org.junit.platform.engine.support.hierarchical.NodeTestTask.executeRecursively(NodeTestTask.java:138)\n\tat org.junit.platform.engine.support.hierarchical.NodeTestTask.execute(NodeTestTask.java:95)\n\tat java.base/java.util.ArrayList.forEach(ArrayList.java:1511)\n\tat org.junit.platform.engine.support.hierarchical.SameThreadHierarchicalTestExecutorService.invokeAll(SameThreadHierarchicalTestExecutorService.java:41)\n\tat org.junit.platform.engine.support.hierarchical.NodeTestTask.lambda$executeRecursively$6(NodeTestTask.java:155)\n\tat org.junit.platform.engine.support.hierarchical.ThrowableCollector.execute(ThrowableCollector.java:73)\n\tat org.junit.platform.engine.support.hierarchical.NodeTestTask.lambda$executeRecursively$8(NodeTestTask.java:141)\n\tat org.junit.platform.engine.support.hierarchical.Node.around(Node.java:137)\n\tat org.junit.platform.engine.support.hierarchical.NodeTestTask.lambda$executeRecursively$9(NodeTestTask.java:139)\n\tat org.junit.platform.engine.support.hierarchical.ThrowableCollector.execute(ThrowableCollector.java:73)\n\tat org.junit.platform.engine.support.hierarchical.NodeTestTask.executeRecursively(NodeTestTask.java:138)\n\tat org.junit.platform.engine.support.hierarchical.NodeTestTask.execute(NodeTestTask.java:95)\n\tat org.junit.platform.engine.support.hierarchical.SameThreadHierarchicalTestExecutorService.submit(SameThreadHierarchicalTestExecutorService.java:35)\n\tat org.junit.platform.engine.support.hierarchical.HierarchicalTestExecutor.execute(HierarchicalTestExecutor.java:57)\n\tat org.junit.platform.engine.support.hierarchical.HierarchicalTestEngine.execute(HierarchicalTestEngine.java:54)\n\tat org.junit.platform.launcher.core.EngineExecutionOrchestrator.execute(EngineExecutionOrchestrator.java:198)\n\tat org.junit.platform.launcher.core.EngineExecutionOrchestrator.execute(EngineExecutionOrchestrator.java:169)\n\tat org.junit.platform.launcher.core.EngineExecutionOrchestrator.execute(EngineExecutionOrchestrator.java:93)\n\tat org.junit.platform.launcher.core.EngineExecutionOrchestrator.lambda$execute$0(EngineExecutionOrchestrator.java:58)\n\tat org.junit.platform.launcher.core.EngineExecutionOrchestrator.withInterceptedStreams(EngineExecutionOrchestrator.java:141)\n\tat org.junit.platform.launcher.core.EngineExecutionOrchestrator.execute(EngineExecutionOrchestrator.java:57)\n\tat org.junit.platform.launcher.core.DefaultLauncher.execute(DefaultLauncher.java:103)\n\tat org.junit.platform.launcher.core.DefaultLauncher.execute(DefaultLauncher.java:85)\n\tat org.junit.platform.launcher.core.DelegatingLauncher.execute(DelegatingLauncher.java:47)\n\tat org.gradle.api.internal.tasks.testing.junitplatform.JUnitPlatformTestClassProcessor$CollectAllTestClassesExecutor.processAllTestClasses(JUnitPlatformTestClassProcessor.java:124)\n\tat org.gradle.api.internal.tasks.testing.junitplatform.JUnitPlatformTestClassProcessor$CollectAllTestClassesExecutor.access$000(JUnitPlatformTestClassProcessor.java:99)\n\tat org.gradle.api.internal.tasks.testing.junitplatform.JUnitPlatformTestClassProcessor.stop(JUnitPlatformTestClassProcessor.java:94)\n\tat org.gradle.api.internal.tasks.testing.SuiteTestClassProcessor.stop(SuiteTestClassProcessor.java:63)\n\tat java.base/jdk.internal.reflect.NativeMethodAccessorImpl.invoke0(Native Method)\n\tat java.base/jdk.internal.reflect.NativeMethodAccessorImpl.invoke(NativeMethodAccessorImpl.java:77)\n\tat java.base/jdk.internal.reflect.DelegatingMethodAccessorImpl.invoke(DelegatingMethodAccessorImpl.java:43)\n\tat java.base/java.lang.reflect.Method.invoke(Method.java:569)\n\tat org.gradle.internal.dispatch.ReflectionDispatch.dispatch(ReflectionDispatch.java:36)\n\tat org.gradle.internal.dispatch.ReflectionDispatch.dispatch(ReflectionDispatch.java:24)\n\tat org.gradle.internal.dispatch.ContextClassLoaderDispatch.dispatch(ContextClassLoaderDispatch.java:33)\n\tat org.gradle.internal.dispatch.ProxyDispatchAdapter$DispatchingInvocationHandler.invoke(ProxyDispatchAdapter.java:92)\n\tat jdk.proxy1/jdk.proxy1.$Proxy4.stop(Unknown Source)\n\tat org.gradle.api.internal.tasks.testing.worker.TestWorker$3.run(TestWorker.java:200)\n\tat org.gradle.api.internal.tasks.testing.worker.TestWorker.executeAndMaintainThreadName(TestWorker.java:132)\n\tat org.gradle.api.internal.tasks.testing.worker.TestWorker.execute(TestWorker.java:103)\n\tat org.gradle.api.internal.tasks.testing.worker.TestWorker.execute(TestWorker.java:63)\n\tat org.gradle.process.internal.worker.child.ActionExecutionWorker.execute(ActionExecutionWorker.java:56)\n\tat org.gradle.process.internal.worker.child.SystemApplicationClassLoaderWorker.call(SystemApplicationClassLoaderWorker.java:121)\n\tat org.gradle.process.internal.worker.child.SystemApplicationClassLoaderWorker.call(SystemApplicationClassLoaderWorker.java:71)\n\tat worker.org.gradle.process.internal.worker.GradleWorkerMain.run(GradleWorkerMain.java:69)\n\tat worker.org.gradle.process.internal.worker.GradleWorkerMain.main(GradleWorkerMain.java:74)\n","steps":[],"attachments":[],"parameters":[{"name":"driver","value":"RemoteWebDriver: chrome on linux (03eb604b02cb58da2a1fbc97b1a9ccb9)"},{"name":"actions","value":"org.openqa.selenium.interactions.Actions@2793f84c"},{"name":"baseTest","value":"ui.CartTest@230fbdf5"}],"shouldDisplayMessage":true,"stepsCount":0,"attachmentsCount":0,"hasContent":true,"attachmentStep":false},{"name":"Capture screenshot (extension)","time":{"start":1752581788500,"stop":1752581788786,"duration":286},"status":"passed","steps":[],"attachments":[{"uid":"144ca8d11e0e6574","name":"Screenshot","source":"144ca8d11e0e6574.png","type":"image/png","size":520127}],"parameters":[],"shouldDisplayMessage":false,"stepsCount":0,"attachmentsCount":1,"hasContent":true,"attachmentStep":false},{"name":"save HTML in report","time":{"start":1752581788787,"stop":1752581789203,"duration":416},"status":"passed","steps":[],"attachments":[{"uid":"f6bf58d7159af2e3","name":"HTML on failure","source":"f6bf58d7159af2e3.html","type":"text/html","size":1994754}],"parameters":[{"name":"name","value":"HTML on failure"}],"shouldDisplayMessage":false,"stepsCount":0,"attachmentsCount":1,"hasContent":true,"attachmentStep":false}],"attachments":[{"uid":"a9eb5cea9cfe3ed4","name":"HTML","source":"a9eb5cea9cfe3ed4.txt","type":"text/html","size":4}],"parameters":[],"shouldDisplayMessage":false,"stepsCount":3,"attachmentsCount":3,"hasContent":true,"attachmentStep":false},"afterStages":[{"name":"tearDown","time":{"start":1752581789208,"stop":1752581789303,"duration":95},"status":"passed","steps":[],"attachments":[],"parameters":[],"shouldDisplayMessage":false,"stepsCount":0,"attachmentsCount":0,"hasContent":false,"attachmentStep":false}],"labels":[{"name":"tag","value":"UI"},{"name":"tag","value":"Critical"},{"name":"tag","value":"Positive"},{"name":"junit.platform.uniqueid","value":"[engine:junit-jupiter]/[class:ui.CartTest]/[method:addItemToCartViaQuickShopButton()]"},{"name":"epic","value":"UI"},{"name":"feature","value":"Cart"},{"name":"host","value":"pkrvmq0rgcvqdmg"},{"name":"thread","value":"3261@pkrvmq0rgcvqdmg.Test worker(1)"},{"name":"framework","value":"junit-platform"},{"name":"language","value":"java"},{"name":"package","value":"ui.CartTest"},{"name":"testClass","value":"ui.CartTest"},{"name":"testMethod","value":"addItemToCartViaQuickShopButton"},{"name":"suite","value":"ui.CartTest"},{"name":"resultFormat","value":"allure2"}],"parameters":[],"links":[],"hidden":false,"retry":false,"extra":{"severity":"normal","retries":[],"categories":[{"name":"Test defects","matchedStatuses":[],"flaky":false}],"history":{"statistic":{"failed":0,"broken":33,"skipped":2,"passed":41,"unknown":0,"total":76},"items":[{"uid":"4f3fa93216f5f26b","reportUrl":"https://StepanidaKirillina1.github.io/American_eagle/74//#testresult/4f3fa93216f5f26b","status":"passed","time":{"start":1752580755182,"stop":1752580805374,"duration":50192}},{"uid":"e175ba6aef09ad88","reportUrl":"https://StepanidaKirillina1.github.io/American_eagle/73//#testresult/e175ba6aef09ad88","status":"broken","statusDetails":"element click intercepted: Element <a data-testid=\"xm-link\" href=\"/us/en/p/1302_1221_600\" class=\"xm-link-to qa-xm-link-to _tile-link_1d4brf\">...</a> is not clickable at point (1469, 29). Other element would receive the click: <div class=\"qa-headless-cms-lockup-content overlay-wrapper-c5705aad-bbac-47f0-a76c-4d43c46cb2ce _content_3s1n4b _overlay-wrapper_1yht6y\">...</div>\n  (Session info: chrome=138.0.7204.100)\nBuild info: version: '4.28.1', revision: '73f5ad48a2'\nSystem info: os.name: 'Linux', os.arch: 'amd64', os.version: '6.11.0-1018-azure', java.version: '17.0.15'\nDriver info: org.openqa.selenium.remote.RemoteWebDriver\nCommand: [7d8e6812466462dc4d32d0187dc82991, clickElement {id=f.B8BA2FEBA3FAB3B75AB8C369040C9366.d.34EB49BFC958C05547C52D25E5348FB9.e.209}]\nCapabilities {acceptInsecureCerts: false, browserName: chrome, browserVersion: 138.0.7204.100, chrome: {chromedriverVersion: 138.0.7204.94 (545025748884..., userDataDir: /tmp/.org.chromium.Chromium...}, fedcm:accounts: true, goog:chromeOptions: {debuggerAddress: localhost:40417}, goog:loggingPrefs: {browser: ALL}, networkConnectionEnabled: false, pageLoadStrategy: normal, platformName: linux, proxy: Proxy(), se:bidiEnabled: false, se:cdp: ws://172.18.0.2:4444/sessio..., se:cdpVersion: 138.0.7204.100, se:containerName: 7a943b6b412d, se:deleteSessionOnUi: true, se:downloadsEnabled: true, se:noVncPort: 7900, se:vnc: ws://172.18.0.2:4444/sessio..., se:vncEnabled: true, se:vncLocalAddress: ws://172.18.0.2:7900, setWindowRect: true, strictFileInteractability: false, timeouts: {implicit: 0, pageLoad: 300000, script: 30000}, unhandledPromptBehavior: dismiss and notify, webauthn:extension:credBlob: true, webauthn:extension:largeBlob: true, webauthn:extension:minPinLength: true, webauthn:extension:prf: true, webauthn:virtualAuthenticators: true}\nElement: [[RemoteWebDriver: chrome on linux (7d8e6812466462dc4d32d0187dc82991)] -> xpath: //img[@data-test='product-image']/ancestor::a]\nSession ID: 7d8e6812466462dc4d32d0187dc82991","time":{"start":1752573508499,"stop":1752573540164,"duration":31665}},{"uid":"1bbd707f8849b359","reportUrl":"https://StepanidaKirillina1.github.io/American_eagle/72//#testresult/1bbd707f8849b359","status":"broken","statusDetails":"Expected condition failed: waiting for visibility of element located by By.cssSelector: a[data-text='Women'] (tried for 60 second(s) with 500 milliseconds interval)\nBuild info: version: '4.28.1', revision: '73f5ad48a2'\nSystem info: os.name: 'Linux', os.arch: 'amd64', os.version: '6.11.0-1018-azure', java.version: '17.0.15'\nDriver info: org.openqa.selenium.remote.RemoteWebDriver\nCapabilities {acceptInsecureCerts: false, browserName: chrome, browserVersion: 138.0.7204.100, chrome: {chromedriverVersion: 138.0.7204.94 (545025748884..., userDataDir: /tmp/.org.chromium.Chromium...}, fedcm:accounts: true, goog:chromeOptions: {debuggerAddress: localhost:35119}, goog:loggingPrefs: {browser: ALL}, networkConnectionEnabled: false, pageLoadStrategy: normal, platformName: linux, proxy: Proxy(), se:bidiEnabled: false, se:cdp: ws://172.18.0.2:4444/sessio..., se:cdpVersion: 138.0.7204.100, se:containerName: c9fdc8e237c1, se:deleteSessionOnUi: true, se:downloadsEnabled: true, se:noVncPort: 7900, se:vnc: ws://172.18.0.2:4444/sessio..., se:vncEnabled: true, se:vncLocalAddress: ws://172.18.0.2:7900, setWindowRect: true, strictFileInteractability: false, timeouts: {implicit: 0, pageLoad: 300000, script: 30000}, unhandledPromptBehavior: dismiss and notify, webauthn:extension:credBlob: true, webauthn:extension:largeBlob: true, webauthn:extension:minPinLength: true, webauthn:extension:prf: true, webauthn:virtualAuthenticators: true}\nSession ID: da549a0bb6efe3a0739323d582a19c84","time":{"start":1752572435152,"stop":1752572500118,"duration":64966}},{"uid":"34a20c860f3ba1c","reportUrl":"https://StepanidaKirillina1.github.io/American_eagle/72//#testresult/34a20c860f3ba1c","status":"passed","time":{"start":1752571440753,"stop":1752571492758,"duration":52005}},{"uid":"50826fd55882f943","reportUrl":"https://StepanidaKirillina1.github.io/American_eagle/71//#testresult/50826fd55882f943","status":"passed","time":{"start":1752564516478,"stop":1752564533445,"duration":16967}},{"uid":"947b2d86fe03cd40","reportUrl":"https://StepanidaKirillina1.github.io/American_eagle/70//#testresult/947b2d86fe03cd40","status":"broken","statusDetails":"Expected condition failed: waiting for element to be clickable: By.className: dropdown (tried for 5 second(s) with 500 milliseconds interval)\nBuild info: version: '4.28.1', revision: '73f5ad48a2'\nSystem info: os.name: 'Linux', os.arch: 'amd64', os.version: '6.11.0-1018-azure', java.version: '17.0.15'\nDriver info: org.openqa.selenium.remote.RemoteWebDriver\nCapabilities {acceptInsecureCerts: false, browserName: chrome, browserVersion: 138.0.7204.100, chrome: {chromedriverVersion: 138.0.7204.94 (545025748884..., userDataDir: /tmp/.org.chromium.Chromium...}, fedcm:accounts: true, goog:chromeOptions: {debuggerAddress: localhost:42157}, goog:loggingPrefs: {browser: ALL}, networkConnectionEnabled: false, pageLoadStrategy: normal, platformName: linux, proxy: Proxy(), se:bidiEnabled: false, se:cdp: ws://172.18.0.2:4444/sessio..., se:cdpVersion: 138.0.7204.100, se:containerName: 414560a64842, se:deleteSessionOnUi: true, se:downloadsEnabled: true, se:noVncPort: 7900, se:vnc: ws://172.18.0.2:4444/sessio..., se:vncEnabled: true, se:vncLocalAddress: ws://172.18.0.2:7900, setWindowRect: true, strictFileInteractability: false, timeouts: {implicit: 0, pageLoad: 300000, script: 30000}, unhandledPromptBehavior: dismiss and notify, webauthn:extension:credBlob: true, webauthn:extension:largeBlob: true, webauthn:extension:minPinLength: true, webauthn:extension:prf: true, webauthn:virtualAuthenticators: true}\nSession ID: 289a97bec5f7e0b66033703a8b83e91d","time":{"start":1752560872420,"stop":1752560895043,"duration":22623}},{"uid":"877e0d8ca3a01d51","reportUrl":"https://StepanidaKirillina1.github.io/American_eagle/69//#testresult/877e0d8ca3a01d51","status":"passed","time":{"start":1752501815386,"stop":1752501832941,"duration":17555}},{"uid":"c7f5c44c92688b55","reportUrl":"https://StepanidaKirillina1.github.io/American_eagle/69//#testresult/c7f5c44c92688b55","status":"passed","time":{"start":1752501393330,"stop":1752501407639,"duration":14309}},{"uid":"23276cd2c53eef8a","reportUrl":"https://StepanidaKirillina1.github.io/American_eagle/68//#testresult/23276cd2c53eef8a","status":"passed","time":{"start":1752498764793,"stop":1752498778417,"duration":13624}},{"uid":"3b980e56f4ec7ff4","reportUrl":"https://StepanidaKirillina1.github.io/American_eagle/67//#testresult/3b980e56f4ec7ff4","status":"passed","time":{"start":1752496229389,"stop":1752496245306,"duration":15917}},{"uid":"3a6bca16ab7eed4f","reportUrl":"https://StepanidaKirillina1.github.io/American_eagle/67//#testresult/3a6bca16ab7eed4f","status":"passed","time":{"start":1752495602701,"stop":1752495616994,"duration":14293}},{"uid":"db52ad48be8946e4","reportUrl":"https://StepanidaKirillina1.github.io/American_eagle/67//#testresult/db52ad48be8946e4","status":"passed","time":{"start":1752495167000,"stop":1752495186800,"duration":19800}},{"uid":"e90dff9a84908fd1","reportUrl":"https://StepanidaKirillina1.github.io/American_eagle/66//#testresult/e90dff9a84908fd1","status":"passed","time":{"start":1752462474826,"stop":1752462509254,"duration":34428}},{"uid":"e2ed38543315540e","reportUrl":"https://StepanidaKirillina1.github.io/American_eagle/65//#testresult/e2ed38543315540e","status":"passed","time":{"start":1752461806132,"stop":1752461838945,"duration":32813}},{"uid":"2b2d59643f901eba","reportUrl":"https://StepanidaKirillina1.github.io/American_eagle/64//#testresult/2b2d59643f901eba","status":"passed","time":{"start":1752456472878,"stop":1752456506939,"duration":34061}},{"uid":"af71c98b9315f15d","reportUrl":"https://StepanidaKirillina1.github.io/American_eagle/63//#testresult/af71c98b9315f15d","status":"passed","time":{"start":1752447001563,"stop":1752447038835,"duration":37272}},{"uid":"9ccb37dc01dc7f90","reportUrl":"https://StepanidaKirillina1.github.io/American_eagle/63//#testresult/9ccb37dc01dc7f90","status":"passed","time":{"start":1752446042235,"stop":1752446081021,"duration":38786}},{"uid":"e6a513985a73714c","reportUrl":"https://StepanidaKirillina1.github.io/American_eagle/63//#testresult/e6a513985a73714c","status":"passed","time":{"start":1752445617634,"stop":1752445654080,"duration":36446}},{"uid":"9ceb853083a3b589","reportUrl":"https://StepanidaKirillina1.github.io/American_eagle/62//#testresult/9ceb853083a3b589","status":"passed","time":{"start":1752324281071,"stop":1752324319290,"duration":38219}},{"uid":"17907fdaf4c09682","reportUrl":"https://StepanidaKirillina1.github.io/American_eagle/61//#testresult/17907fdaf4c09682","status":"passed","time":{"start":1752302832411,"stop":1752302885742,"duration":53331}}]},"tags":["UI","Positive","Critical"]},"source":"2b9d21791181f4a3.json","parameterValues":[]}